-------------------------------------------------------------------------------
Test set: sfgpet.SfgPetApplicationTests
-------------------------------------------------------------------------------
Tests run: 1, Failures: 0, Errors: 1, Skipped: 0, Time elapsed: 0.344 s <<< FAILURE! - in sfgpet.SfgPetApplicationTests
sfgpet.SfgPetApplicationTests  Time elapsed: 0.344 s  <<< ERROR!
java.lang.IllegalStateException: Unable to find a @SpringBootConfiguration, you need to use @ContextConfiguration or @SpringBootTest(classes=...) with your test

